<?xml version="1.0" encoding="UTF-8"?>
<testsuite xmlns:xsi="http://www.w3.org/2001/XMLSchema-instance" xsi:noNamespaceSchemaLocation="https://maven.apache.org/surefire/maven-surefire-plugin/xsd/surefire-test-report.xsd" name="com.ouertani.safetyalertV2.controller.PersonRestControllerTest" time="1.715" tests="18" errors="0" skipped="0" failures="0">
  <properties>
[...]
</properties>
  <testcase name="testGetMedicalDetailsPersonsAdress_WithRightParametersValues_isFound" classname="com.ouertani.safetyalertV2.controller.PersonRestControllerTest" time="0.299"/>
  <testcase name="testGetEmailsCity_WithBadParametersValues_isNotFound" classname="com.ouertani.safetyalertV2.controller.PersonRestControllerTest" time="0.016"/>
  <testcase name="testGetEmailsCity_WithRightParametersValues_isFound" classname="com.ouertani.safetyalertV2.controller.PersonRestControllerTest" time="0.028"/>
  <testcase name="testGetPersonInfosName_OtherWithRightParametersValues_isFound" classname="com.ouertani.safetyalertV2.controller.PersonRestControllerTest" time="0.138"/>
  <testcase name="testGetEmailsCity_WithBadParameters_isBadRequest" classname="com.ouertani.safetyalertV2.controller.PersonRestControllerTest" time="0.024"/>
  <testcase name="testGetPersonInfosName_WithRightParametersValues_isFound" classname="com.ouertani.safetyalertV2.controller.PersonRestControllerTest" time="0.063"/>
  <testcase name="testGetPersonInfosName_WithBadParameters_isBadRequest" classname="com.ouertani.safetyalertV2.controller.PersonRestControllerTest" time="0.03"/>
  <testcase name="testGetChildrenAdress_WithBadParametersValues_isNotFound" classname="com.ouertani.safetyalertV2.controller.PersonRestControllerTest" time="0.03"/>
  <testcase name="testGetChildrenAdress_WithBadParameters_isBadRequest" classname="com.ouertani.safetyalertV2.controller.PersonRestControllerTest" time="0.026"/>
  <testcase name="testGetMedicalDetailsPersonsAdress_WithBadParametersValues_isNotFound" classname="com.ouertani.safetyalertV2.controller.PersonRestControllerTest" time="0.053"/>
  <testcase name="testGetPersonInfosName_WithBadParametersValues_isNotFound" classname="com.ouertani.safetyalertV2.controller.PersonRestControllerTest" time="0.025"/>
  <testcase name="testUpdatePerson" classname="com.ouertani.safetyalertV2.controller.PersonRestControllerTest" time="0.035"/>
  <testcase name="testPostPerson_AlreadyExist_isConflict" classname="com.ouertani.safetyalertV2.controller.PersonRestControllerTest" time="0.037"/>
  <testcase name="testPostPerson_NotAlreadyExist_isCreated" classname="com.ouertani.safetyalertV2.controller.PersonRestControllerTest" time="0.028"/>
  <testcase name="testGetChildrenAdress_WithRightParametersValues_isFound" classname="com.ouertani.safetyalertV2.controller.PersonRestControllerTest" time="0.306"/>
  <testcase name="testDeletePerson_WithGoodParamtersFirstNameLastName_isAccepted" classname="com.ouertani.safetyalertV2.controller.PersonRestControllerTest" time="0.019"/>
  <testcase name="testGetMedicalDetailsPersonsAdress_WithBadParameters_isBadRequest" classname="com.ouertani.safetyalertV2.controller.PersonRestControllerTest" time="0.025"/>
  <testcase name="testGetChildrenAdress_WithRightParametersValues_NoChidren_isNotFound" classname="com.ouertani.safetyalertV2.controller.PersonRestControllerTest" time="0.134"/>
</testsuite>